2021-06-14 05:22:46 [127.0.0.1][-][hsebivhorjciqj29iuaii6vn5l][error][Error] Error: Class 'yii\bootstrap\ActiveForm' not found in /var/www/yotoq.lo/public_html/backend/views/site/login.php:17
Stack trace:
#0 /var/www/yotoq.lo/public_html/vendor/yiisoft/yii2/base/View.php(348): require()
#1 /var/www/yotoq.lo/public_html/vendor/yiisoft/yii2/base/View.php(257): yii\base\View->renderPhpFile()
#2 /var/www/yotoq.lo/public_html/vendor/yiisoft/yii2/base/View.php(156): yii\base\View->renderFile()
#3 /var/www/yotoq.lo/public_html/vendor/yiisoft/yii2/base/Controller.php(410): yii\base\View->render()
#4 /var/www/yotoq.lo/public_html/backend/controllers/SiteController.php(86): yii\base\Controller->render()
#5 [internal function]: backend\controllers\SiteController->actionLogin()
#6 /var/www/yotoq.lo/public_html/vendor/yiisoft/yii2/base/InlineAction.php(57): call_user_func_array()
#7 /var/www/yotoq.lo/public_html/vendor/yiisoft/yii2/base/Controller.php(181): yii\base\InlineAction->runWithParams()
#8 /var/www/yotoq.lo/public_html/vendor/yiisoft/yii2/base/Module.php(534): yii\base\Controller->runAction()
#9 /var/www/yotoq.lo/public_html/vendor/yiisoft/yii2/web/Application.php(104): yii\base\Module->runAction()
#10 /var/www/yotoq.lo/public_html/vendor/yiisoft/yii2/base/Application.php(392): yii\web\Application->handleRequest()
#11 /var/www/yotoq.lo/public_html/backend/web/index.php(17): yii\base\Application->run()
#12 {main}
2021-06-14 05:22:46 [127.0.0.1][-][hsebivhorjciqj29iuaii6vn5l][info][application] $_GET = [
    'r' => 'site/login'
]

$_POST = []

$_FILES = []

$_COOKIE = [
    'advanced-frontend' => '7s44ipdtb7p0gtc1tash2qshr5'
    '_csrf-frontend' => '4f60be9b26db7e4ebe4712a8e42c687d5d0930a824cef25921e0222d88304e1ea:2:{i:0;s:14:\"_csrf-frontend\";i:1;s:32:\"8x_3Q7_XnWqaoLCCSPQ9YNkNTfjeDW6K\";}'
    'advanced-backend' => 'hsebivhorjciqj29iuaii6vn5l'
]

$_SESSION = [
    '__flash' => []
    '__returnUrl' => 'http://yotoq.lo/admin'
]

$_SERVER = [
    'HTTP_HOST' => 'yotoq.lo'
    'HTTP_CONNECTION' => 'keep-alive'
    'HTTP_UPGRADE_INSECURE_REQUESTS' => '1'
    'HTTP_USER_AGENT' => 'Mozilla/5.0 (X11; Linux x86_64) AppleWebKit/537.36 (KHTML, like Gecko) Chrome/91.0.4472.101 Safari/537.36'
    'HTTP_ACCEPT' => 'text/html,application/xhtml+xml,application/xml;q=0.9,image/avif,image/webp,image/apng,*/*;q=0.8,application/signed-exchange;v=b3;q=0.9'
    'HTTP_ACCEPT_ENCODING' => 'gzip, deflate'
    'HTTP_ACCEPT_LANGUAGE' => 'en-US,en;q=0.9'
    'HTTP_COOKIE' => 'advanced-frontend=7s44ipdtb7p0gtc1tash2qshr5; _csrf-frontend=4f60be9b26db7e4ebe4712a8e42c687d5d0930a824cef25921e0222d88304e1ea%3A2%3A%7Bi%3A0%3Bs%3A14%3A%22_csrf-frontend%22%3Bi%3A1%3Bs%3A32%3A%228x_3Q7_XnWqaoLCCSPQ9YNkNTfjeDW6K%22%3B%7D; advanced-backend=hsebivhorjciqj29iuaii6vn5l'
    'PATH' => '/usr/local/sbin:/usr/local/bin:/usr/sbin:/usr/bin:/sbin:/bin:/snap/bin'
    'SERVER_SIGNATURE' => '<address>Apache/2.4.29 (Ubuntu) Server at yotoq.lo Port 80</address>
'
    'SERVER_SOFTWARE' => 'Apache/2.4.29 (Ubuntu)'
    'SERVER_NAME' => 'yotoq.lo'
    'SERVER_ADDR' => '127.0.0.1'
    'SERVER_PORT' => '80'
    'REMOTE_ADDR' => '127.0.0.1'
    'DOCUMENT_ROOT' => '/var/www/yotoq.lo/public_html'
    'REQUEST_SCHEME' => 'http'
    'CONTEXT_PREFIX' => ''
    'CONTEXT_DOCUMENT_ROOT' => '/var/www/yotoq.lo/public_html'
    'SERVER_ADMIN' => 'Abduqodircoder@gmail.com'
    'SCRIPT_FILENAME' => '/var/www/yotoq.lo/public_html/backend/web/index.php'
    'REMOTE_PORT' => '48354'
    'GATEWAY_INTERFACE' => 'CGI/1.1'
    'SERVER_PROTOCOL' => 'HTTP/1.1'
    'REQUEST_METHOD' => 'GET'
    'QUERY_STRING' => 'r=site%2Flogin'
    'REQUEST_URI' => '/backend/web/index.php?r=site%2Flogin'
    'SCRIPT_NAME' => '/backend/web/index.php'
    'PHP_SELF' => '/backend/web/index.php'
    'REQUEST_TIME_FLOAT' => 1623648166.7032
    'REQUEST_TIME' => 1623648166
]
2021-06-14 05:25:05 [127.0.0.1][-][hsebivhorjciqj29iuaii6vn5l][error][Error] Error: Class 'yii\bootstrap\ActiveForm' not found in /var/www/yotoq.lo/public_html/backend/views/site/login.php:17
Stack trace:
#0 /var/www/yotoq.lo/public_html/vendor/yiisoft/yii2/base/View.php(348): require()
#1 /var/www/yotoq.lo/public_html/vendor/yiisoft/yii2/base/View.php(257): yii\base\View->renderPhpFile()
#2 /var/www/yotoq.lo/public_html/vendor/yiisoft/yii2/base/View.php(156): yii\base\View->renderFile()
#3 /var/www/yotoq.lo/public_html/vendor/yiisoft/yii2/base/Controller.php(410): yii\base\View->render()
#4 /var/www/yotoq.lo/public_html/backend/controllers/SiteController.php(86): yii\base\Controller->render()
#5 [internal function]: backend\controllers\SiteController->actionLogin()
#6 /var/www/yotoq.lo/public_html/vendor/yiisoft/yii2/base/InlineAction.php(57): call_user_func_array()
#7 /var/www/yotoq.lo/public_html/vendor/yiisoft/yii2/base/Controller.php(181): yii\base\InlineAction->runWithParams()
#8 /var/www/yotoq.lo/public_html/vendor/yiisoft/yii2/base/Module.php(534): yii\base\Controller->runAction()
#9 /var/www/yotoq.lo/public_html/vendor/yiisoft/yii2/web/Application.php(104): yii\base\Module->runAction()
#10 /var/www/yotoq.lo/public_html/vendor/yiisoft/yii2/base/Application.php(392): yii\web\Application->handleRequest()
#11 /var/www/yotoq.lo/public_html/backend/web/index.php(17): yii\base\Application->run()
#12 {main}
2021-06-14 05:25:05 [127.0.0.1][-][hsebivhorjciqj29iuaii6vn5l][info][application] $_GET = [
    'r' => 'site/login'
]

$_POST = []

$_FILES = []

$_COOKIE = [
    'advanced-frontend' => '7s44ipdtb7p0gtc1tash2qshr5'
    '_csrf-frontend' => '4f60be9b26db7e4ebe4712a8e42c687d5d0930a824cef25921e0222d88304e1ea:2:{i:0;s:14:\"_csrf-frontend\";i:1;s:32:\"8x_3Q7_XnWqaoLCCSPQ9YNkNTfjeDW6K\";}'
    'advanced-backend' => 'hsebivhorjciqj29iuaii6vn5l'
]

$_SESSION = [
    '__flash' => []
    '__returnUrl' => 'http://yotoq.lo/admin'
]

$_SERVER = [
    'HTTP_HOST' => 'yotoq.lo'
    'HTTP_CONNECTION' => 'keep-alive'
    'HTTP_UPGRADE_INSECURE_REQUESTS' => '1'
    'HTTP_USER_AGENT' => 'Mozilla/5.0 (X11; Linux x86_64) AppleWebKit/537.36 (KHTML, like Gecko) Chrome/91.0.4472.101 Safari/537.36'
    'HTTP_ACCEPT' => 'text/html,application/xhtml+xml,application/xml;q=0.9,image/avif,image/webp,image/apng,*/*;q=0.8,application/signed-exchange;v=b3;q=0.9'
    'HTTP_ACCEPT_ENCODING' => 'gzip, deflate'
    'HTTP_ACCEPT_LANGUAGE' => 'en-US,en;q=0.9'
    'HTTP_COOKIE' => 'advanced-frontend=7s44ipdtb7p0gtc1tash2qshr5; _csrf-frontend=4f60be9b26db7e4ebe4712a8e42c687d5d0930a824cef25921e0222d88304e1ea%3A2%3A%7Bi%3A0%3Bs%3A14%3A%22_csrf-frontend%22%3Bi%3A1%3Bs%3A32%3A%228x_3Q7_XnWqaoLCCSPQ9YNkNTfjeDW6K%22%3B%7D; advanced-backend=hsebivhorjciqj29iuaii6vn5l'
    'PATH' => '/usr/local/sbin:/usr/local/bin:/usr/sbin:/usr/bin:/sbin:/bin:/snap/bin'
    'SERVER_SIGNATURE' => '<address>Apache/2.4.29 (Ubuntu) Server at yotoq.lo Port 80</address>
'
    'SERVER_SOFTWARE' => 'Apache/2.4.29 (Ubuntu)'
    'SERVER_NAME' => 'yotoq.lo'
    'SERVER_ADDR' => '127.0.0.1'
    'SERVER_PORT' => '80'
    'REMOTE_ADDR' => '127.0.0.1'
    'DOCUMENT_ROOT' => '/var/www/yotoq.lo/public_html'
    'REQUEST_SCHEME' => 'http'
    'CONTEXT_PREFIX' => ''
    'CONTEXT_DOCUMENT_ROOT' => '/var/www/yotoq.lo/public_html'
    'SERVER_ADMIN' => 'Abduqodircoder@gmail.com'
    'SCRIPT_FILENAME' => '/var/www/yotoq.lo/public_html/backend/web/index.php'
    'REMOTE_PORT' => '48360'
    'GATEWAY_INTERFACE' => 'CGI/1.1'
    'SERVER_PROTOCOL' => 'HTTP/1.1'
    'REQUEST_METHOD' => 'GET'
    'QUERY_STRING' => 'r=site%2Flogin'
    'REQUEST_URI' => '/backend/web/index.php?r=site%2Flogin'
    'SCRIPT_NAME' => '/backend/web/index.php'
    'PHP_SELF' => '/backend/web/index.php'
    'REQUEST_TIME_FLOAT' => 1623648305.2032
    'REQUEST_TIME' => 1623648305
]
2021-06-14 05:25:56 [127.0.0.1][-][hsebivhorjciqj29iuaii6vn5l][error][Error] Error: Class 'yii\bootstrap\ActiveForm' not found in /var/www/yotoq.lo/public_html/backend/views/site/login.php:17
Stack trace:
#0 /var/www/yotoq.lo/public_html/vendor/yiisoft/yii2/base/View.php(348): require()
#1 /var/www/yotoq.lo/public_html/vendor/yiisoft/yii2/base/View.php(257): yii\base\View->renderPhpFile()
#2 /var/www/yotoq.lo/public_html/vendor/yiisoft/yii2/base/View.php(156): yii\base\View->renderFile()
#3 /var/www/yotoq.lo/public_html/vendor/yiisoft/yii2/base/Controller.php(410): yii\base\View->render()
#4 /var/www/yotoq.lo/public_html/backend/controllers/SiteController.php(86): yii\base\Controller->render()
#5 [internal function]: backend\controllers\SiteController->actionLogin()
#6 /var/www/yotoq.lo/public_html/vendor/yiisoft/yii2/base/InlineAction.php(57): call_user_func_array()
#7 /var/www/yotoq.lo/public_html/vendor/yiisoft/yii2/base/Controller.php(181): yii\base\InlineAction->runWithParams()
#8 /var/www/yotoq.lo/public_html/vendor/yiisoft/yii2/base/Module.php(534): yii\base\Controller->runAction()
#9 /var/www/yotoq.lo/public_html/vendor/yiisoft/yii2/web/Application.php(104): yii\base\Module->runAction()
#10 /var/www/yotoq.lo/public_html/vendor/yiisoft/yii2/base/Application.php(392): yii\web\Application->handleRequest()
#11 /var/www/yotoq.lo/public_html/backend/web/index.php(17): yii\base\Application->run()
#12 {main}
2021-06-14 05:25:56 [127.0.0.1][-][hsebivhorjciqj29iuaii6vn5l][info][application] $_GET = [
    'r' => 'site/login'
]

$_POST = []

$_FILES = []

$_COOKIE = [
    'advanced-frontend' => '7s44ipdtb7p0gtc1tash2qshr5'
    '_csrf-frontend' => '4f60be9b26db7e4ebe4712a8e42c687d5d0930a824cef25921e0222d88304e1ea:2:{i:0;s:14:\"_csrf-frontend\";i:1;s:32:\"8x_3Q7_XnWqaoLCCSPQ9YNkNTfjeDW6K\";}'
    'advanced-backend' => 'hsebivhorjciqj29iuaii6vn5l'
]

$_SESSION = [
    '__flash' => []
    '__returnUrl' => 'http://yotoq.lo/admin'
]

$_SERVER = [
    'HTTP_HOST' => 'yotoq.lo'
    'HTTP_CONNECTION' => 'keep-alive'
    'HTTP_CACHE_CONTROL' => 'max-age=0'
    'HTTP_UPGRADE_INSECURE_REQUESTS' => '1'
    'HTTP_USER_AGENT' => 'Mozilla/5.0 (X11; Linux x86_64) AppleWebKit/537.36 (KHTML, like Gecko) Chrome/91.0.4472.101 Safari/537.36'
    'HTTP_ACCEPT' => 'text/html,application/xhtml+xml,application/xml;q=0.9,image/avif,image/webp,image/apng,*/*;q=0.8,application/signed-exchange;v=b3;q=0.9'
    'HTTP_ACCEPT_ENCODING' => 'gzip, deflate'
    'HTTP_ACCEPT_LANGUAGE' => 'en-US,en;q=0.9'
    'HTTP_COOKIE' => 'advanced-frontend=7s44ipdtb7p0gtc1tash2qshr5; _csrf-frontend=4f60be9b26db7e4ebe4712a8e42c687d5d0930a824cef25921e0222d88304e1ea%3A2%3A%7Bi%3A0%3Bs%3A14%3A%22_csrf-frontend%22%3Bi%3A1%3Bs%3A32%3A%228x_3Q7_XnWqaoLCCSPQ9YNkNTfjeDW6K%22%3B%7D; advanced-backend=hsebivhorjciqj29iuaii6vn5l'
    'PATH' => '/usr/local/sbin:/usr/local/bin:/usr/sbin:/usr/bin:/sbin:/bin:/snap/bin'
    'SERVER_SIGNATURE' => '<address>Apache/2.4.29 (Ubuntu) Server at yotoq.lo Port 80</address>
'
    'SERVER_SOFTWARE' => 'Apache/2.4.29 (Ubuntu)'
    'SERVER_NAME' => 'yotoq.lo'
    'SERVER_ADDR' => '127.0.0.1'
    'SERVER_PORT' => '80'
    'REMOTE_ADDR' => '127.0.0.1'
    'DOCUMENT_ROOT' => '/var/www/yotoq.lo/public_html'
    'REQUEST_SCHEME' => 'http'
    'CONTEXT_PREFIX' => ''
    'CONTEXT_DOCUMENT_ROOT' => '/var/www/yotoq.lo/public_html'
    'SERVER_ADMIN' => 'Abduqodircoder@gmail.com'
    'SCRIPT_FILENAME' => '/var/www/yotoq.lo/public_html/backend/web/index.php'
    'REMOTE_PORT' => '48364'
    'GATEWAY_INTERFACE' => 'CGI/1.1'
    'SERVER_PROTOCOL' => 'HTTP/1.1'
    'REQUEST_METHOD' => 'GET'
    'QUERY_STRING' => 'r=site%2Flogin'
    'REQUEST_URI' => '/backend/web/index.php?r=site%2Flogin'
    'SCRIPT_NAME' => '/backend/web/index.php'
    'PHP_SELF' => '/backend/web/index.php'
    'REQUEST_TIME_FLOAT' => 1623648356.9025
    'REQUEST_TIME' => 1623648356
]
